INFO    2022-02-20 18:43:52,485 [http-listener-1(3)] com.makosdanii.mywebapplication.beans.Persistance_mysql  - hello log!
DEBUG   2022-02-20 18:43:52,486 [http-listener-1(3)] com.makosdanii.mywebapplication.beans.Persistance_mysql  - hello logs!
INFO    2022-02-20 18:59:09,683 [http-listener-1(2)] com.makosdanii.mywebapplication.beans.Persistance_mysql  - hello log!
DEBUG   2022-02-20 18:59:09,684 [http-listener-1(2)] com.makosdanii.mywebapplication.beans.Persistance_mysql  - hello logs!
ERROR   2022-02-20 18:59:09,930 [http-listener-1(2)] com.makosdanii.mywebapplication.beans.Persistance_mysql  - error while creating connection: Cannot open file:C:\Users\user\GlassFish_Server\glassfish\domains\glassfish/config/keystore.jks [Keystore was tampered with, or password was incorrect]
INFO    2022-02-20 18:59:16,355 [http-listener-1(3)] com.makosdanii.mywebapplication.beans.Persistance_mysql  - hello log!
DEBUG   2022-02-20 18:59:16,356 [http-listener-1(3)] com.makosdanii.mywebapplication.beans.Persistance_mysql  - hello logs!
ERROR   2022-02-20 18:59:16,359 [http-listener-1(3)] com.makosdanii.mywebapplication.beans.Persistance_mysql  - error while creating connection: Cannot open file:C:\Users\user\GlassFish_Server\glassfish\domains\glassfish/config/keystore.jks [Keystore was tampered with, or password was incorrect]
ERROR   2022-02-20 18:59:16,362 [http-listener-1(3)] com.makosdanii.mywebapplication.beans.Persistance_mysql  - Connection failed testing
ERROR   2022-02-20 19:03:55,443 [http-listener-1(4)] com.makosdanii.mywebapplication.beans.Persistance_mysql  - error while creating connection: Cannot open file:C:\Users\user\GlassFish_Server\glassfish\domains\glassfish/config/keystore.jks [Keystore was tampered with, or password was incorrect]
ERROR   2022-02-20 19:03:59,433 [http-listener-1(1)] com.makosdanii.mywebapplication.beans.Persistance_mysql  - error while creating connection: Cannot open file:C:\Users\user\GlassFish_Server\glassfish\domains\glassfish/config/keystore.jks [Keystore was tampered with, or password was incorrect]
ERROR   2022-02-20 19:03:59,435 [http-listener-1(1)] com.makosdanii.mywebapplication.beans.Persistance_mysql  - Connection failed testing
ERROR   2022-02-20 19:07:43,769 [http-listener-1(5)] com.makosdanii.mywebapplication.beans.Persistance_mysql  - Connection failed testing
INFO    2022-02-21 10:20:20,033 [http-listener-1(1)] com.makosdanii.mywebapplication.beans.Persistance_mysql  - Started
INFO    2022-02-21 10:20:51,869 [http-listener-1(5)] com.makosdanii.mywebapplication.beans.Persistance_mysql  - Started
INFO    2022-02-21 10:21:18,025 [http-listener-1(2)] com.makosdanii.mywebapplication.beans.Persistance_mysql  - Started
INFO    2022-02-21 10:32:48,318 [http-listener-1(5)] com.makosdanii.mywebapplication.beans.Persistance_mysql  - Started
INFO    2022-02-21 10:32:55,370 [http-listener-1(5)] com.makosdanii.mywebapplication.beans.Persistance_mysql  - Started
INFO    2022-02-21 10:35:03,829 [http-listener-1(3)] com.makosdanii.mywebapplication.beans.Persistance_mysql  - Started
INFO    2022-02-21 10:36:16,239 [http-listener-1(1)] com.makosdanii.mywebapplication.beans.Persistance_mysql  - Started
INFO    2022-02-21 10:41:24,524 [http-listener-1(1)] com.makosdanii.mywebapplication.beans.Persistance_mysql  - Started
INFO    2022-02-21 10:44:56,155 [http-listener-1(3)] com.makosdanii.mywebapplication.beans.Persistance_mysql  - Started
INFO    2022-02-21 10:51:23,994 [http-listener-1(5)] com.makosdanii.mywebapplication.beans.Persistance_mysql  - Started
INFO    2022-02-21 10:53:06,426 [http-listener-1(1)] com.makosdanii.mywebapplication.beans.Persistance_mysql  - Started
INFO    2022-02-21 10:55:59,174 [http-listener-1(3)] com.makosdanii.mywebapplication.beans.Persistance_mysql  - Started
INFO    2022-02-21 10:58:15,316 [http-listener-1(4)] com.makosdanii.mywebapplication.beans.Persistance_mysql  - Started
INFO    2022-02-21 11:00:58,157 [http-listener-1(5)] com.makosdanii.mywebapplication.beans.Persistance_mysql  - Started
INFO    2022-02-21 11:01:11,484 [http-listener-1(3)] com.makosdanii.mywebapplication.beans.Persistance_mysql  - Started
INFO    2022-02-21 11:06:26,851 [http-listener-1(5)] com.makosdanii.mywebapplication.beans.Persistance_mysql  - Started
INFO    2022-02-21 11:07:05,079 [http-listener-1(3)] com.makosdanii.mywebapplication.beans.Persistance_mysql  - Started
INFO    2022-02-21 11:07:23,866 [http-listener-1(5)] com.makosdanii.mywebapplication.beans.Persistance_mysql  - Started
INFO    2022-02-21 11:11:44,393 [http-listener-1(1)] com.makosdanii.mywebapplication.beans.Persistance_mysql  - Started
INFO    2022-02-21 11:16:05,261 [http-listener-1(3)] com.makosdanii.mywebapplication.beans.Persistance_mysql  - Started
INFO    2022-02-21 11:24:43,486 [http-listener-1(4)] com.makosdanii.mywebapplication.beans.Persistance_mysql  - Started
INFO    2022-02-21 11:25:27,206 [http-listener-1(4)] com.makosdanii.mywebapplication.beans.Persistance_mysql  - Started
INFO    2022-02-21 11:28:25,687 [http-listener-1(2)] com.makosdanii.mywebapplication.beans.Persistance_mysql  - Started
INFO    2022-02-21 12:52:38,910 [http-listener-1(3)] com.makosdanii.mywebapplication.beans.Persistance_mysql  - Started
INFO    2022-02-21 12:52:45,707 [http-listener-1(2)] com.makosdanii.mywebapplication.beans.Persistance_mysql  - Started
INFO    2022-02-21 13:03:37,780 [http-listener-1(1)] com.makosdanii.mywebapplication.beans.Persistance_mysql  - Started
INFO    2022-02-21 13:03:55,313 [http-listener-1(2)] com.makosdanii.mywebapplication.beans.Persistance_mysql  - Started
INFO    2022-02-21 13:04:56,378 [http-listener-1(1)] com.makosdanii.mywebapplication.beans.Persistance_mysql  - Started
INFO    2022-02-21 13:05:09,731 [http-listener-1(4)] com.makosdanii.mywebapplication.beans.Persistance_mysql  - Started
INFO    2022-02-21 13:06:31,413 [http-listener-1(3)] com.makosdanii.mywebapplication.beans.Persistance_mysql  - Started
INFO    2022-02-21 13:07:42,047 [http-listener-1(1)] com.makosdanii.mywebapplication.beans.Persistance_mysql  - Started
INFO    2022-02-21 13:07:55,162 [http-listener-1(5)] com.makosdanii.mywebapplication.beans.Persistance_mysql  - Started
INFO    2022-02-21 13:08:58,615 [http-listener-1(2)] com.makosdanii.mywebapplication.beans.Persistance_mysql  - Started
INFO    2022-02-21 13:16:11,535 [http-listener-1(3)] com.makosdanii.mywebapplication.beans.Persistance_mysql  - Started
INFO    2022-02-21 13:16:12,595 [http-listener-1(1)] com.makosdanii.mywebapplication.beans.Persistance_mysql  - Started
INFO    2022-02-21 13:16:13,169 [http-listener-1(3)] com.makosdanii.mywebapplication.beans.Persistance_mysql  - Started
INFO    2022-02-21 13:16:13,363 [http-listener-1(3)] com.makosdanii.mywebapplication.beans.Persistance_mysql  - Started
INFO    2022-02-21 13:16:13,505 [http-listener-1(1)] com.makosdanii.mywebapplication.beans.Persistance_mysql  - Started
INFO    2022-02-21 13:16:33,786 [http-listener-1(3)] com.makosdanii.mywebapplication.beans.Persistance_mysql  - Started
INFO    2022-02-21 14:15:37,529 [http-listener-1(1)] com.makosdanii.mywebapplication.beans.Persistance_mysql  - Started
INFO    2022-02-21 14:15:46,866 [http-listener-1(5)] com.makosdanii.mywebapplication.beans.Persistance_mysql  - Started
INFO    2022-02-21 14:15:49,476 [http-listener-1(3)] com.makosdanii.mywebapplication.beans.Persistance_mysql  - Started
INFO    2022-02-21 14:15:50,547 [http-listener-1(2)] com.makosdanii.mywebapplication.beans.Persistance_mysql  - Started
INFO    2022-02-21 14:15:51,703 [http-listener-1(2)] com.makosdanii.mywebapplication.beans.Persistance_mysql  - Started
INFO    2022-02-21 14:15:55,748 [http-listener-1(2)] com.makosdanii.mywebapplication.beans.Persistance_mysql  - Started
INFO    2022-02-21 14:18:15,524 [http-listener-1(2)] com.makosdanii.mywebapplication.beans.Persistance_mysql  - Started
INFO    2022-02-21 14:18:21,565 [http-listener-1(5)] com.makosdanii.mywebapplication.beans.Persistance_mysql  - Started
INFO    2022-02-21 14:20:02,138 [http-listener-1(4)] com.makosdanii.mywebapplication.beans.Persistance_mysql  - Started
INFO    2022-02-21 14:20:06,469 [http-listener-1(3)] com.makosdanii.mywebapplication.beans.Persistance_mysql  - Started
INFO    2022-02-21 14:20:21,008 [http-listener-1(4)] com.makosdanii.mywebapplication.beans.Persistance_mysql  - Started
INFO    2022-02-21 14:21:07,956 [http-listener-1(1)] com.makosdanii.mywebapplication.beans.Persistance_mysql  - Started
INFO    2022-02-21 14:26:46,430 [http-listener-1(4)] com.makosdanii.mywebapplication.beans.Persistance_mysql  - Started
INFO    2022-02-21 14:26:51,853 [http-listener-1(1)] com.makosdanii.mywebapplication.beans.Persistance_mysql  - Started
INFO    2022-02-21 14:29:00,487 [http-listener-1(2)] com.makosdanii.mywebapplication.beans.Persistance_mysql  - Started
INFO    2022-02-21 14:29:06,165 [http-listener-1(5)] com.makosdanii.mywebapplication.beans.Persistance_mysql  - Started
INFO    2022-02-21 14:29:34,757 [http-listener-1(3)] com.makosdanii.mywebapplication.beans.Persistance_mysql  - Started
INFO    2022-02-21 14:29:40,105 [http-listener-1(5)] com.makosdanii.mywebapplication.beans.Persistance_mysql  - Started
INFO    2022-02-21 14:30:29,552 [http-listener-1(1)] com.makosdanii.mywebapplication.beans.Persistance_mysql  - Started
INFO    2022-02-21 14:30:35,676 [http-listener-1(3)] com.makosdanii.mywebapplication.beans.Persistance_mysql  - Started
INFO    2022-02-21 14:38:57,211 [http-listener-1(3)] com.makosdanii.mywebapplication.beans.Persistance_mysql  - Started
INFO    2022-02-21 14:39:02,522 [http-listener-1(4)] com.makosdanii.mywebapplication.beans.Persistance_mysql  - Started
INFO    2022-02-21 14:40:24,186 [http-listener-1(1)] com.makosdanii.mywebapplication.beans.Persistance_mysql  - Started
INFO    2022-02-21 14:40:29,866 [http-listener-1(1)] com.makosdanii.mywebapplication.beans.Persistance_mysql  - Started
INFO    2022-02-21 14:43:13,001 [http-listener-1(3)] com.makosdanii.mywebapplication.beans.Persistance_mysql  - Started
INFO    2022-02-21 14:43:18,427 [http-listener-1(4)] com.makosdanii.mywebapplication.beans.Persistance_mysql  - Started
INFO    2022-02-21 14:46:07,066 [http-listener-1(2)] com.makosdanii.mywebapplication.beans.Persistance_mysql  - Started
INFO    2022-02-21 14:46:12,809 [http-listener-1(4)] com.makosdanii.mywebapplication.beans.Persistance_mysql  - Started
INFO    2022-02-21 14:46:54,123 [http-listener-1(2)] com.makosdanii.mywebapplication.beans.Persistance_mysql  - Started
INFO    2022-02-21 14:46:57,391 [http-listener-1(2)] com.makosdanii.mywebapplication.beans.Persistance_mysql  - Started
INFO    2022-02-21 14:47:12,836 [http-listener-1(2)] com.makosdanii.mywebapplication.beans.Persistance_mysql  - Started
INFO    2022-02-21 14:47:18,826 [http-listener-1(1)] com.makosdanii.mywebapplication.beans.Persistance_mysql  - Started
INFO    2022-02-21 14:51:10,966 [http-listener-1(1)] com.makosdanii.mywebapplication.beans.Persistance_mysql  - Started
INFO    2022-02-21 14:51:18,184 [http-listener-1(4)] com.makosdanii.mywebapplication.beans.Persistance_mysql  - Started
INFO    2022-02-21 15:38:09,641 [http-listener-1(3)] com.makosdanii.mywebapplication.beans.Persistance_mysql  - Started
INFO    2022-02-21 15:38:24,816 [http-listener-1(2)] com.makosdanii.mywebapplication.beans.Persistance_mysql  - Started
INFO    2022-02-21 15:44:07,370 [http-listener-1(2)] com.makosdanii.mywebapplication.beans.Persistance_mysql  - Started
INFO    2022-02-21 15:44:11,470 [http-listener-1(4)] com.makosdanii.mywebapplication.beans.Persistance_mysql  - Started
INFO    2022-02-21 15:58:37,346 [http-listener-1(5)] com.makosdanii.mywebapplication.beans.Persistance_mysql  - Started
INFO    2022-02-21 15:58:44,361 [http-listener-1(5)] com.makosdanii.mywebapplication.beans.Persistance_mysql  - Started
INFO    2022-02-21 15:58:55,590 [http-listener-1(5)] com.makosdanii.mywebapplication.beans.Persistance_mysql  - Started
INFO    2022-02-21 15:59:02,722 [http-listener-1(4)] com.makosdanii.mywebapplication.beans.Persistance_mysql  - Started
INFO    2022-02-21 16:02:05,878 [http-listener-1(4)] com.makosdanii.mywebapplication.beans.Persistance_mysql  - Started
INFO    2022-02-21 16:02:35,820 [http-listener-1(3)] com.makosdanii.mywebapplication.beans.Persistance_mysql  - Started
INFO    2022-02-21 16:06:36,951 [http-listener-1(3)] com.makosdanii.mywebapplication.beans.Persistance_mysql  - Started
INFO    2022-02-21 16:07:08,589 [http-listener-1(5)] com.makosdanii.mywebapplication.beans.Persistance_mysql  - Started
INFO    2022-02-21 16:08:32,105 [http-listener-1(5)] com.makosdanii.mywebapplication.beans.Persistance_mysql  - Started
INFO    2022-02-21 16:08:41,693 [http-listener-1(4)] com.makosdanii.mywebapplication.beans.Persistance_mysql  - Started
INFO    2022-02-22 08:52:18,460 [http-listener-1(1)] com.makosdanii.mywebapplication.beans.Persistance_mysql  - Started
INFO    2022-02-22 08:52:18,462 [http-listener-1(5)] com.makosdanii.mywebapplication.beans.Persistance_mysql  - Started
INFO    2022-02-22 08:52:36,151 [http-listener-1(2)] com.makosdanii.mywebapplication.beans.Persistance_mysql  - Started
INFO    2022-02-22 08:52:36,151 [http-listener-1(4)] com.makosdanii.mywebapplication.beans.Persistance_mysql  - Started
INFO    2022-02-22 08:52:44,307 [http-listener-1(2)] com.makosdanii.mywebapplication.beans.Persistance_mysql  - Started
INFO    2022-02-22 08:55:30,785 [http-listener-1(5)] com.makosdanii.mywebapplication.beans.Persistance_mysql  - Started
INFO    2022-02-22 08:55:30,785 [http-listener-1(2)] com.makosdanii.mywebapplication.beans.Persistance_mysql  - Started
INFO    2022-02-22 08:55:30,785 [http-listener-1(3)] com.makosdanii.mywebapplication.beans.Persistance_mysql  - Started
INFO    2022-02-22 08:55:36,429 [http-listener-1(5)] com.makosdanii.mywebapplication.beans.Persistance_mysql  - Started
INFO    2022-02-22 09:03:03,359 [http-listener-1(5)] com.makosdanii.mywebapplication.beans.Persistance_mysql  - Started
INFO    2022-02-22 09:03:10,447 [http-listener-1(5)] com.makosdanii.mywebapplication.beans.Persistance_mysql  - Started
INFO    2022-02-22 09:14:05,790 [http-listener-1(5)] com.makosdanii.mywebapplication.beans.Persistance_mysql  - Started
INFO    2022-02-22 09:14:17,955 [http-listener-1(1)] com.makosdanii.mywebapplication.beans.Persistance_mysql  - Started
INFO    2022-02-22 09:14:46,081 [http-listener-1(1)] com.makosdanii.mywebapplication.beans.Persistance_mysql  - Started
INFO    2022-02-22 09:15:02,320 [http-listener-1(3)] com.makosdanii.mywebapplication.beans.Persistance_mysql  - Started
INFO    2022-02-22 09:38:06,840 [http-listener-1(5)] com.makosdanii.mywebapplication.beans.Persistance_mysql  - Started
INFO    2022-02-22 09:38:06,840 [http-listener-1(3)] com.makosdanii.mywebapplication.beans.Persistance_mysql  - Started
INFO    2022-02-22 09:38:20,105 [http-listener-1(4)] com.makosdanii.mywebapplication.beans.Persistance_mysql  - Started
INFO    2022-02-22 09:41:12,017 [http-listener-1(4)] com.makosdanii.mywebapplication.beans.Persistance_mysql  - Started
INFO    2022-02-22 09:41:21,771 [http-listener-1(2)] com.makosdanii.mywebapplication.beans.Persistance_mysql  - Started
INFO    2022-02-22 10:11:14,401 [http-listener-1(2)] com.makosdanii.mywebapplication.beans.Persistance_mysql  - Started
INFO    2022-02-22 10:11:26,692 [http-listener-1(2)] com.makosdanii.mywebapplication.beans.Persistance_mysql  - Started
INFO    2022-02-22 10:11:40,141 [http-listener-1(2)] com.makosdanii.mywebapplication.beans.Persistance_mysql  - Started
INFO    2022-02-22 10:34:23,492 [http-listener-1(4)] com.makosdanii.mywebapplication.beans.Persistance_mysql  - Started
INFO    2022-02-22 10:35:13,640 [http-listener-1(3)] com.makosdanii.mywebapplication.beans.Persistance_mysql  - Started
INFO    2022-02-22 10:35:45,671 [http-listener-1(2)] com.makosdanii.mywebapplication.beans.Persistance_mysql  - Started
INFO    2022-02-22 10:35:50,459 [http-listener-1(1)] com.makosdanii.mywebapplication.beans.Persistance_mysql  - Started
INFO    2022-02-22 10:43:45,209 [http-listener-1(1)] com.makosdanii.mywebapplication.beans.Persistance_mysql  - Started
INFO    2022-02-22 10:43:54,206 [http-listener-1(1)] com.makosdanii.mywebapplication.beans.Persistance_mysql  - Started
INFO    2022-02-22 10:47:14,469 [http-listener-1(1)] com.makosdanii.mywebapplication.beans.Persistance_mysql  - Started
INFO    2022-02-22 10:47:18,460 [http-listener-1(3)] com.makosdanii.mywebapplication.beans.Persistance_mysql  - Started
INFO    2022-02-22 10:47:47,334 [http-listener-1(3)] com.makosdanii.mywebapplication.beans.Persistance_mysql  - Started
INFO    2022-02-22 10:47:54,460 [http-listener-1(2)] com.makosdanii.mywebapplication.beans.Persistance_mysql  - Started
INFO    2022-02-22 10:48:08,016 [http-listener-1(2)] com.makosdanii.mywebapplication.beans.Persistance_mysql  - Started
INFO    2022-02-22 10:48:15,270 [http-listener-1(2)] com.makosdanii.mywebapplication.beans.Persistance_mysql  - Started
INFO    2022-02-22 10:48:26,479 [http-listener-1(2)] com.makosdanii.mywebapplication.beans.Persistance_mysql  - Started
INFO    2022-02-22 10:48:30,666 [http-listener-1(5)] com.makosdanii.mywebapplication.beans.Persistance_mysql  - Started
INFO    2022-02-22 10:52:19,251 [http-listener-1(5)] com.makosdanii.mywebapplication.beans.Persistance_mysql  - Started
INFO    2022-02-22 10:53:05,797 [http-listener-1(5)] com.makosdanii.mywebapplication.beans.Persistance_mysql  - Started
INFO    2022-02-22 10:53:21,749 [http-listener-1(5)] com.makosdanii.mywebapplication.beans.Persistance_mysql  - Started
INFO    2022-02-22 11:03:21,390 [http-listener-1(5)] com.makosdanii.mywebapplication.beans.Persistance_mysql  - Started
INFO    2022-02-22 11:03:27,966 [http-listener-1(1)] com.makosdanii.mywebapplication.beans.Persistance_mysql  - Started
INFO    2022-02-22 11:03:54,576 [http-listener-1(1)] com.makosdanii.mywebapplication.beans.Persistance_mysql  - Started
INFO    2022-02-22 11:04:08,397 [http-listener-1(2)] com.makosdanii.mywebapplication.beans.Persistance_mysql  - Started
INFO    2022-02-22 11:10:43,401 [http-listener-1(3)] com.makosdanii.mywebapplication.beans.Persistance_mysql  - Started
INFO    2022-02-22 11:10:51,066 [http-listener-1(2)] com.makosdanii.mywebapplication.beans.Persistance_mysql  - Started
INFO    2022-02-22 11:12:16,905 [http-listener-1(2)] com.makosdanii.mywebapplication.beans.Persistance_mysql  - Started
INFO    2022-02-22 11:12:24,391 [http-listener-1(4)] com.makosdanii.mywebapplication.beans.Persistance_mysql  - Started
INFO    2022-02-22 11:18:18,677 [http-listener-1(5)] com.makosdanii.mywebapplication.beans.Persistance_mysql  - Started
INFO    2022-02-22 11:18:27,446 [http-listener-1(2)] com.makosdanii.mywebapplication.beans.Persistance_mysql  - Started
INFO    2022-02-22 11:19:48,199 [http-listener-1(1)] com.makosdanii.mywebapplication.beans.Persistance_mysql  - Started
INFO    2022-02-22 11:19:55,659 [http-listener-1(3)] com.makosdanii.mywebapplication.beans.Persistance_mysql  - Started
INFO    2022-02-22 11:24:06,848 [http-listener-1(2)] com.makosdanii.mywebapplication.beans.Persistance_mysql  - Started
INFO    2022-02-22 11:24:11,529 [http-listener-1(2)] com.makosdanii.mywebapplication.beans.Persistance_mysql  - Started
INFO    2022-02-22 11:24:50,304 [http-listener-1(4)] com.makosdanii.mywebapplication.beans.Persistance_mysql  - Started
INFO    2022-02-22 11:24:54,984 [http-listener-1(4)] com.makosdanii.mywebapplication.beans.Persistance_mysql  - Started
INFO    2022-02-22 11:31:49,016 [http-listener-1(5)] com.makosdanii.mywebapplication.beans.Persistance_mysql  - Started
INFO    2022-02-22 11:31:54,863 [http-listener-1(5)] com.makosdanii.mywebapplication.beans.Persistance_mysql  - Started
INFO    2022-02-22 11:37:05,610 [http-listener-1(1)] com.makosdanii.mywebapplication.beans.Persistance_mysql  - Started
INFO    2022-02-22 11:37:10,106 [http-listener-1(4)] com.makosdanii.mywebapplication.beans.Persistance_mysql  - Started
INFO    2022-02-22 12:01:30,277 [http-listener-1(5)] com.makosdanii.mywebapplication.beans.Persistance_mysql  - Started
INFO    2022-02-22 12:01:41,001 [http-listener-1(2)] com.makosdanii.mywebapplication.beans.Persistance_mysql  - Started
INFO    2022-02-22 12:01:45,688 [http-listener-1(4)] com.makosdanii.mywebapplication.beans.Persistance_mysql  - Started
INFO    2022-02-22 12:02:30,964 [http-listener-1(5)] com.makosdanii.mywebapplication.beans.Persistance_mysql  - Started
INFO    2022-02-22 12:02:34,023 [http-listener-1(5)] com.makosdanii.mywebapplication.beans.Persistance_mysql  - Started
INFO    2022-02-22 12:06:34,763 [http-listener-1(4)] com.makosdanii.mywebapplication.beans.Persistance_mysql  - Started
INFO    2022-02-22 12:06:39,714 [http-listener-1(4)] com.makosdanii.mywebapplication.beans.Persistance_mysql  - Started
INFO    2022-02-22 12:10:30,389 [http-listener-1(3)] com.makosdanii.mywebapplication.beans.Persistance_mysql  - Started
INFO    2022-02-22 12:10:34,621 [http-listener-1(5)] com.makosdanii.mywebapplication.beans.Persistance_mysql  - Started
INFO    2022-02-22 12:10:35,832 [http-listener-1(3)] com.makosdanii.mywebapplication.beans.Persistance_mysql  - Started
INFO    2022-02-22 12:10:44,814 [http-listener-1(1)] com.makosdanii.mywebapplication.beans.Persistance_mysql  - Started
INFO    2022-02-22 12:10:55,143 [http-listener-1(2)] com.makosdanii.mywebapplication.beans.Persistance_mysql  - Started
INFO    2022-02-22 13:26:47,944 [http-listener-1(5)] com.makosdanii.mywebapplication.beans.Persistance_mysql  - Started
INFO    2022-02-22 13:27:11,437 [http-listener-1(5)] com.makosdanii.mywebapplication.beans.Persistance_mysql  - Started
ERROR   2022-02-22 13:27:11,502 [http-listener-1(5)] com.makosdanii.mywebapplication.beans.Persistance_mysql  - error while executing query Unknown column 'email' in 'field list'
INFO    2022-02-22 13:27:43,284 [http-listener-1(5)] com.makosdanii.mywebapplication.beans.Persistance_mysql  - Started
ERROR   2022-02-22 13:27:43,293 [http-listener-1(5)] com.makosdanii.mywebapplication.beans.Persistance_mysql  - error while executing query You have an error in your SQL syntax; check the manual that corresponds to your MySQL server version for the right syntax to use near '@myadmin.com' at line 1
INFO    2022-02-22 13:27:49,795 [http-listener-1(5)] com.makosdanii.mywebapplication.beans.Persistance_mysql  - Started
ERROR   2022-02-22 13:27:49,804 [http-listener-1(5)] com.makosdanii.mywebapplication.beans.Persistance_mysql  - error while executing query You have an error in your SQL syntax; check the manual that corresponds to your MySQL server version for the right syntax to use near '@myadmin.com' at line 1
INFO    2022-02-22 13:28:00,722 [http-listener-1(4)] com.makosdanii.mywebapplication.beans.Persistance_mysql  - Started
ERROR   2022-02-22 13:28:00,729 [http-listener-1(4)] com.makosdanii.mywebapplication.beans.Persistance_mysql  - error while executing query You have an error in your SQL syntax; check the manual that corresponds to your MySQL server version for the right syntax to use near '@myadmin.com' at line 1
INFO    2022-02-22 13:28:11,465 [http-listener-1(1)] com.makosdanii.mywebapplication.beans.Persistance_mysql  - Started
INFO    2022-02-22 13:28:40,492 [http-listener-1(4)] com.makosdanii.mywebapplication.beans.Persistance_mysql  - Started
ERROR   2022-02-22 13:28:40,540 [http-listener-1(4)] com.makosdanii.mywebapplication.beans.Persistance_mysql  - error while executing query Unknown column 'email' in 'field list'
INFO    2022-02-22 13:28:58,969 [http-listener-1(3)] com.makosdanii.mywebapplication.beans.Persistance_mysql  - Started
ERROR   2022-02-22 13:28:58,979 [http-listener-1(3)] com.makosdanii.mywebapplication.beans.Persistance_mysql  - error while executing query You have an error in your SQL syntax; check the manual that corresponds to your MySQL server version for the right syntax to use near '@myadmin.com' at line 1
INFO    2022-02-22 13:29:43,172 [http-listener-1(4)] com.makosdanii.mywebapplication.beans.Persistance_mysql  - Started
ERROR   2022-02-22 13:29:43,181 [http-listener-1(4)] com.makosdanii.mywebapplication.beans.Persistance_mysql  - error while executing query You have an error in your SQL syntax; check the manual that corresponds to your MySQL server version for the right syntax to use near '@myadmin.com' at line 1
INFO    2022-02-22 13:29:55,652 [http-listener-1(5)] com.makosdanii.mywebapplication.beans.Persistance_mysql  - Started
ERROR   2022-02-22 13:29:55,659 [http-listener-1(5)] com.makosdanii.mywebapplication.beans.Persistance_mysql  - error while executing query You have an error in your SQL syntax; check the manual that corresponds to your MySQL server version for the right syntax to use near '@myadmin.com' at line 1
INFO    2022-02-22 13:54:05,502 [http-listener-1(5)] com.makosdanii.mywebapplication.beans.Persistance_mysql  - Started
INFO    2022-02-22 13:54:16,407 [http-listener-1(2)] com.makosdanii.mywebapplication.beans.Persistance_mysql  - Started
ERROR   2022-02-22 13:54:16,460 [http-listener-1(2)] com.makosdanii.mywebapplication.beans.Persistance_mysql  - error while executing query You have an error in your SQL syntax; check the manual that corresponds to your MySQL server version for the right syntax to use near '@myadmin.com' at line 1
INFO    2022-02-22 14:05:16,622 [http-listener-1(1)] com.makosdanii.mywebapplication.beans.Persistance_mysql  - Started
INFO    2022-02-22 14:05:24,508 [http-listener-1(2)] com.makosdanii.mywebapplication.beans.Persistance_mysql  - Started
INFO    2022-02-22 16:37:37,229 [http-listener-1(2)] com.makosdanii.mywebapplication.beans.Persistance_mysql  - Started
INFO    2022-02-22 16:37:47,420 [http-listener-1(3)] com.makosdanii.mywebapplication.beans.Persistance_mysql  - Started
INFO    2022-02-22 16:40:23,320 [http-listener-1(2)] com.makosdanii.mywebapplication.beans.Persistance_mysql  - Started
INFO    2022-02-22 16:40:29,987 [http-listener-1(2)] com.makosdanii.mywebapplication.beans.Persistance_mysql  - Started
INFO    2022-02-22 16:40:38,907 [http-listener-1(1)] com.makosdanii.mywebapplication.beans.Persistance_mysql  - Started
INFO    2022-02-22 16:42:20,428 [http-listener-1(2)] com.makosdanii.mywebapplication.beans.Persistance_mysql  - Started
INFO    2022-02-22 17:17:33,391 [http-listener-1(5)] com.makosdanii.mywebapplication.beans.Persistance_mysql  - Started
INFO    2022-02-22 17:17:46,179 [http-listener-1(3)] com.makosdanii.mywebapplication.beans.Persistance_mysql  - Started
INFO    2022-02-22 17:17:46,377 [http-listener-1(4)] com.makosdanii.mywebapplication.beans.Persistance_mysql  - Started
INFO    2022-02-22 17:18:51,414 [http-listener-1(4)] com.makosdanii.mywebapplication.beans.Persistance_mysql  - Started
INFO    2022-02-22 17:18:57,662 [http-listener-1(3)] com.makosdanii.mywebapplication.beans.Persistance_mysql  - Started
INFO    2022-02-22 17:19:03,680 [http-listener-1(5)] com.makosdanii.mywebapplication.beans.Persistance_mysql  - Started
INFO    2022-02-22 17:22:04,285 [http-listener-1(2)] com.makosdanii.mywebapplication.beans.Persistance_mysql  - Started
INFO    2022-02-22 17:22:08,622 [http-listener-1(2)] com.makosdanii.mywebapplication.beans.Persistance_mysql  - Started
INFO    2022-02-22 17:22:26,074 [http-listener-1(1)] com.makosdanii.mywebapplication.beans.Persistance_mysql  - Started
INFO    2022-02-22 17:24:02,768 [http-listener-1(1)] com.makosdanii.mywebapplication.beans.Persistance_mysql  - Started
INFO    2022-02-22 17:24:19,812 [http-listener-1(4)] com.makosdanii.mywebapplication.beans.Persistance_mysql  - Started
INFO    2022-02-22 17:24:19,987 [http-listener-1(1)] com.makosdanii.mywebapplication.beans.Persistance_mysql  - Started
INFO    2022-02-22 17:27:35,940 [http-listener-1(4)] com.makosdanii.mywebapplication.beans.Persistance_mysql  - Started
INFO    2022-02-22 17:27:44,036 [http-listener-1(5)] com.makosdanii.mywebapplication.beans.Persistance_mysql  - Started
INFO    2022-02-22 17:28:40,508 [http-listener-1(2)] com.makosdanii.mywebapplication.beans.Persistance_mysql  - Started
INFO    2022-02-22 17:29:20,542 [http-listener-1(3)] com.makosdanii.mywebapplication.beans.Persistance_mysql  - Started
INFO    2022-02-22 17:29:26,628 [http-listener-1(5)] com.makosdanii.mywebapplication.beans.Persistance_mysql  - Started
INFO    2022-02-22 17:30:46,449 [http-listener-1(2)] com.makosdanii.mywebapplication.beans.Persistance_mysql  - Started
INFO    2022-02-22 17:30:55,481 [http-listener-1(1)] com.makosdanii.mywebapplication.beans.Persistance_mysql  - Started
INFO    2022-02-22 17:30:59,653 [http-listener-1(2)] com.makosdanii.mywebapplication.beans.Persistance_mysql  - Started
INFO    2022-02-22 17:34:21,923 [http-listener-1(1)] com.makosdanii.mywebapplication.beans.Persistance_mysql  - Started
INFO    2022-02-22 17:34:30,784 [http-listener-1(1)] com.makosdanii.mywebapplication.beans.Persistance_mysql  - Started
INFO    2022-02-22 17:34:38,794 [http-listener-1(3)] com.makosdanii.mywebapplication.beans.Persistance_mysql  - Started
INFO    2022-02-22 17:36:36,849 [http-listener-1(5)] com.makosdanii.mywebapplication.beans.Persistance_mysql  - Started
INFO    2022-02-22 17:36:50,317 [http-listener-1(4)] com.makosdanii.mywebapplication.beans.Persistance_mysql  - Started
INFO    2022-02-22 17:36:50,343 [http-listener-1(1)] com.makosdanii.mywebapplication.beans.Persistance_mysql  - Started
INFO    2022-02-22 17:40:40,463 [http-listener-1(2)] com.makosdanii.mywebapplication.beans.Persistance_mysql  - Started
INFO    2022-02-22 17:41:24,810 [http-listener-1(5)] com.makosdanii.mywebapplication.beans.Persistance_mysql  - Started
INFO    2022-02-22 17:48:16,150 [http-listener-1(1)] com.makosdanii.mywebapplication.beans.Persistance_mysql  - Started
INFO    2022-02-22 17:50:24,496 [http-listener-1(3)] com.makosdanii.mywebapplication.beans.Persistance_mysql  - Started
INFO    2022-02-22 17:50:31,398 [http-listener-1(2)] com.makosdanii.mywebapplication.beans.Persistance_mysql  - Started
INFO    2022-02-22 17:51:18,111 [http-listener-1(2)] com.makosdanii.mywebapplication.beans.Persistance_mysql  - Started
INFO    2022-02-22 17:52:06,385 [http-listener-1(1)] com.makosdanii.mywebapplication.beans.Persistance_mysql  - Started
INFO    2022-02-22 17:53:07,482 [http-listener-1(5)] com.makosdanii.mywebapplication.beans.Persistance_mysql  - Started
INFO    2022-02-22 17:53:11,599 [http-listener-1(5)] com.makosdanii.mywebapplication.beans.Persistance_mysql  - Started
INFO    2022-02-22 17:53:25,367 [http-listener-1(4)] com.makosdanii.mywebapplication.beans.Persistance_mysql  - Started
INFO    2022-02-22 17:53:25,432 [http-listener-1(1)] com.makosdanii.mywebapplication.beans.Persistance_mysql  - Started
INFO    2022-02-22 17:53:34,898 [http-listener-1(5)] com.makosdanii.mywebapplication.beans.Persistance_mysql  - Started
INFO    2022-02-22 17:53:52,712 [http-listener-1(1)] com.makosdanii.mywebapplication.beans.Persistance_mysql  - Started
INFO    2022-02-22 17:54:11,354 [http-listener-1(2)] com.makosdanii.mywebapplication.beans.Persistance_mysql  - Started
INFO    2022-02-22 17:55:31,321 [http-listener-1(5)] com.makosdanii.mywebapplication.beans.Persistance_mysql  - Started
INFO    2022-02-22 17:58:10,455 [http-listener-1(3)] com.makosdanii.mywebapplication.beans.Persistance_mysql  - Started
